{"meta": {"format": 3, "version": "7.13.4", "timestamp": "2026-03-17T08:56:34.888907", "branch_coverage": false, "show_contexts": false}, "files": {"reporting/__init__.py": {"executed_lines": [9, 14, 15, 17], "summary": {"covered_lines": 4, "num_statements": 4, "percent_covered": 100.0, "percent_covered_display": "100", "missing_lines": 0, "excluded_lines": 0, "percent_statements_covered": 100.0, "percent_statements_covered_display": "100"}, "missing_lines": [], "excluded_lines": [], "functions": {"": {"executed_lines": [9, 14, 15, 17], "summary": {"covered_lines": 4, "num_statements": 4, "percent_covered": 100.0, "percent_covered_display": "100", "missing_lines": 0, "excluded_lines": 0, "percent_statements_covered": 100.0, "percent_statements_covered_display": "100"}, "missing_lines": [], "excluded_lines": [], "start_line": 1}}, "classes": {"": {"executed_lines": [9, 14, 15, 17], "summary": {"covered_lines": 4, "num_statements": 4, "percent_covered": 100.0, "percent_covered_display": "100", "missing_lines": 0, "excluded_lines": 0, "percent_statements_covered": 100.0, "percent_statements_covered_display": "100"}, "missing_lines": [], "excluded_lines": [], "start_line": 1}}}, "reporting/forum_engine.py": {"executed_lines": [2, 3, 4, 5, 6, 8, 9, 10, 12, 15, 22, 23, 25, 47, 49, 50, 52, 54, 57, 58, 64, 65, 72, 73, 76, 77, 82, 90, 109, 110, 132, 143, 144, 145, 146, 148, 163, 165, 184, 187, 193, 196, 197, 199, 206, 217, 218, 250, 262, 267, 268, 271, 274, 275, 277, 289, 293, 294, 296, 297, 299, 300, 301, 303, 305, 320, 325, 326, 327, 328, 330, 345, 349, 350, 351, 353, 355, 361], "summary": {"covered_lines": 78, "num_statements": 111, "percent_covered": 70.27027027027027, "percent_covered_display": "70", "missing_lines": 33, "excluded_lines": 0, "percent_statements_covered": 70.27027027027027, "percent_statements_covered_display": "70"}, "missing_lines": [66, 67, 69, 78, 79, 80, 219, 220, 223, 224, 225, 226, 227, 228, 231, 232, 233, 234, 235, 236, 239, 240, 241, 242, 243, 244, 245, 247, 248, 263, 290, 321, 346], "excluded_lines": [], "functions": {"ForumEngine.__init__": {"executed_lines": [23], "summary": {"covered_lines": 1, "num_statements": 1, "percent_covered": 100.0, "percent_covered_display": "100", "missing_lines": 0, "excluded_lines": 0, "percent_statements_covered": 100.0, "percent_statements_covered_display": "100"}, "missing_lines": [], "excluded_lines": [], "start_line": 22}, "ForumEngine.debate_topic": {"executed_lines": [47, 49, 50, 52, 54, 57, 58, 64, 65, 72, 73, 76, 77, 82], "summary": {"covered_lines": 14, "num_statements": 20, "percent_covered": 70.0, "percent_covered_display": "70", "missing_lines": 6, "excluded_lines": 0, "percent_statements_covered": 70.0, "percent_statements_covered_display": "70"}, "missing_lines": [66, 67, 69, 78, 79, 80], "excluded_lines": [], "start_line": 25}, "ForumEngine._build_context": {"executed_lines": [109, 110, 132, 143, 144, 145, 146, 148, 163], "summary": {"covered_lines": 9, "num_statements": 9, "percent_covered": 100.0, "percent_covered_display": "100", "missing_lines": 0, "excluded_lines": 0, "percent_statements_covered": 100.0, "percent_statements_covered_display": "100"}, "missing_lines": [], "excluded_lines": [], "start_line": 90}, "ForumEngine._generate_argument": {"executed_lines": [184, 187, 193, 196, 197, 199], "summary": {"covered_lines": 6, "num_statements": 6, "percent_covered": 100.0, "percent_covered_display": "100", "missing_lines": 0, "excluded_lines": 0, "percent_statements_covered": 100.0, "percent_statements_covered_display": "100"}, "missing_lines": [], "excluded_lines": [], "start_line": 165}, "ForumEngine._parse_json_response": {"executed_lines": [217, 218], "summary": {"covered_lines": 2, "num_statements": 25, "percent_covered": 8.0, "percent_covered_display": "8", "missing_lines": 23, "excluded_lines": 0, "percent_statements_covered": 8.0, "percent_statements_covered_display": "8"}, "missing_lines": [219, 220, 223, 224, 225, 226, 227, 228, 231, 232, 233, 234, 235, 236, 239, 240, 241, 242, 243, 244, 245, 247, 248], "excluded_lines": [], "start_line": 206}, "ForumEngine.calculate_consensus": {"executed_lines": [262, 267, 268, 271, 274, 275], "summary": {"covered_lines": 6, "num_statements": 7, "percent_covered": 85.71428571428571, "percent_covered_display": "86", "missing_lines": 1, "excluded_lines": 0, "percent_statements_covered": 85.71428571428571, "percent_statements_covered_display": "86"}, "missing_lines": [263], "excluded_lines": [], "start_line": 250}, "ForumEngine.calculate_confidence": {"executed_lines": [289, 293, 294, 296, 297, 299, 300, 301, 303], "summary": {"covered_lines": 9, "num_statements": 10, "percent_covered": 90.0, "percent_covered_display": "90", "missing_lines": 1, "excluded_lines": 0, "percent_statements_covered": 90.0, "percent_statements_covered_display": "90"}, "missing_lines": [290], "excluded_lines": [], "start_line": 277}, "ForumEngine._calculate_interval": {"executed_lines": [320, 325, 326, 327, 328], "summary": {"covered_lines": 5, "num_statements": 6, "percent_covered": 83.33333333333333, "percent_covered_display": "83", "missing_lines": 1, "excluded_lines": 0, "percent_statements_covered": 83.33333333333333, "percent_statements_covered_display": "83"}, "missing_lines": [321], "excluded_lines": [], "start_line": 305}, "ForumEngine._generate_summary": {"executed_lines": [345, 349, 350, 351, 353, 355, 361], "summary": {"covered_lines": 7, "num_statements": 8, "percent_covered": 87.5, "percent_covered_display": "88", "missing_lines": 1, "excluded_lines": 0, "percent_statements_covered": 87.5, "percent_statements_covered_display": "88"}, "missing_lines": [346], "excluded_lines": [], "start_line": 330}, "": {"executed_lines": [2, 3, 4, 5, 6, 8, 9, 10, 12, 15, 22, 25, 90, 165, 206, 250, 277, 305, 330], "summary": {"covered_lines": 19, "num_statements": 19, "percent_covered": 100.0, "percent_covered_display": "100", "missing_lines": 0, "excluded_lines": 0, "percent_statements_covered": 100.0, "percent_statements_covered_display": "100"}, "missing_lines": [], "excluded_lines": [], "start_line": 1}}, "classes": {"ForumEngine": {"executed_lines": [23, 47, 49, 50, 52, 54, 57, 58, 64, 65, 72, 73, 76, 77, 82, 109, 110, 132, 143, 144, 145, 146, 148, 163, 184, 187, 193, 196, 197, 199, 217, 218, 262, 267, 268, 271, 274, 275, 289, 293, 294, 296, 297, 299, 300, 301, 303, 320, 325, 326, 327, 328, 345, 349, 350, 351, 353, 355, 361], "summary": {"covered_lines": 59, "num_statements": 92, "percent_covered": 64.1304347826087, "percent_covered_display": "64", "missing_lines": 33, "excluded_lines": 0, "percent_statements_covered": 64.1304347826087, "percent_statements_covered_display": "64"}, "missing_lines": [66, 67, 69, 78, 79, 80, 219, 220, 223, 224, 225, 226, 227, 228, 231, 232, 233, 234, 235, 236, 239, 240, 241, 242, 243, 244, 245, 247, 248, 263, 290, 321, 346], "excluded_lines": [], "start_line": 15}, "": {"executed_lines": [2, 3, 4, 5, 6, 8, 9, 10, 12, 15, 22, 25, 90, 165, 206, 250, 277, 305, 330], "summary": {"covered_lines": 19, "num_statements": 19, "percent_covered": 100.0, "percent_covered_display": "100", "missing_lines": 0, "excluded_lines": 0, "percent_statements_covered": 100.0, "percent_statements_covered_display": "100"}, "missing_lines": [], "excluded_lines": [], "start_line": 1}}}, "reporting/models.py": {"executed_lines": [2, 3, 4, 7, 9, 10, 11, 12, 13, 15, 16, 17, 19, 22, 24, 25, 26, 27, 28, 33, 35, 36, 37, 38, 39, 42, 44, 45, 46, 49, 51, 52, 53, 54, 55, 56, 57, 58, 61, 63, 64, 65, 66, 68, 69, 70, 72, 75, 77, 78, 79, 80, 81, 82, 83, 86, 88, 89, 90, 93, 94, 95, 98, 99, 100, 103, 104, 107, 108, 109], "summary": {"covered_lines": 70, "num_statements": 70, "percent_covered": 100.0, "percent_covered_display": "100", "missing_lines": 0, "excluded_lines": 0, "percent_statements_covered": 100.0, "percent_statements_covered_display": "100"}, "missing_lines": [], "excluded_lines": [], "functions": {"Argument.clamp_stance": {"executed_lines": [19], "summary": {"covered_lines": 1, "num_statements": 1, "percent_covered": 100.0, "percent_covered_display": "100", "missing_lines": 0, "excluded_lines": 0, "percent_statements_covered": 100.0, "percent_statements_covered_display": "100"}, "missing_lines": [], "excluded_lines": [], "start_line": 17}, "ReportSection.clamp_confidence": {"executed_lines": [72], "summary": {"covered_lines": 1, "num_statements": 1, "percent_covered": 100.0, "percent_covered_display": "100", "missing_lines": 0, "excluded_lines": 0, "percent_statements_covered": 100.0, "percent_statements_covered_display": "100"}, "missing_lines": [], "excluded_lines": [], "start_line": 70}, "": {"executed_lines": [2, 3, 4, 7, 9, 10, 11, 12, 13, 15, 16, 17, 22, 24, 25, 26, 27, 28, 33, 35, 36, 37, 38, 39, 42, 44, 45, 46, 49, 51, 52, 53, 54, 55, 56, 57, 58, 61, 63, 64, 65, 66, 68, 69, 70, 75, 77, 78, 79, 80, 81, 82, 83, 86, 88, 89, 90, 93, 94, 95, 98, 99, 100, 103, 104, 107, 108, 109], "summary": {"covered_lines": 68, "num_statements": 68, "percent_covered": 100.0, "percent_covered_display": "100", "missing_lines": 0, "excluded_lines": 0, "percent_statements_covered": 100.0, "percent_statements_covered_display": "100"}, "missing_lines": [], "excluded_lines": [], "start_line": 1}}, "classes": {"Argument": {"executed_lines": [19], "summary": {"covered_lines": 1, "num_statements": 1, "percent_covered": 100.0, "percent_covered_display": "100", "missing_lines": 0, "excluded_lines": 0, "percent_statements_covered": 100.0, "percent_statements_covered_display": "100"}, "missing_lines": [], "excluded_lines": [], "start_line": 7}, "DebateResult": {"executed_lines": [], "summary": {"covered_lines": 0, "num_statements": 0, "percent_covered": 100.0, "percent_covered_display": "100", "missing_lines": 0, "excluded_lines": 0, "percent_statements_covered": 100.0, "percent_statements_covered_display": "100"}, "missing_lines": [], "excluded_lines": [], "start_line": 22}, "SimulationAction": {"executed_lines": [], "summary": {"covered_lines": 0, "num_statements": 0, "percent_covered": 100.0, "percent_covered_display": "100", "missing_lines": 0, "excluded_lines": 0, "percent_statements_covered": 100.0, "percent_statements_covered_display": "100"}, "missing_lines": [], "excluded_lines": [], "start_line": 33}, "SimulationRound": {"executed_lines": [], "summary": {"covered_lines": 0, "num_statements": 0, "percent_covered": 100.0, "percent_covered_display": "100", "missing_lines": 0, "excluded_lines": 0, "percent_statements_covered": 100.0, "percent_statements_covered_display": "100"}, "missing_lines": [], "excluded_lines": [], "start_line": 42}, "SimulationTrace": {"executed_lines": [], "summary": {"covered_lines": 0, "num_statements": 0, "percent_covered": 100.0, "percent_covered_display": "100", "missing_lines": 0, "excluded_lines": 0, "percent_statements_covered": 100.0, "percent_statements_covered_display": "100"}, "missing_lines": [], "excluded_lines": [], "start_line": 49}, "ReportSection": {"executed_lines": [72], "summary": {"covered_lines": 1, "num_statements": 1, "percent_covered": 100.0, "percent_covered_display": "100", "missing_lines": 0, "excluded_lines": 0, "percent_statements_covered": 100.0, "percent_statements_covered_display": "100"}, "missing_lines": [], "excluded_lines": [], "start_line": 61}, "Report": {"executed_lines": [], "summary": {"covered_lines": 0, "num_statements": 0, "percent_covered": 100.0, "percent_covered_display": "100", "missing_lines": 0, "excluded_lines": 0, "percent_statements_covered": 100.0, "percent_statements_covered_display": "100"}, "missing_lines": [], "excluded_lines": [], "start_line": 75}, "ComprehensiveReport": {"executed_lines": [], "summary": {"covered_lines": 0, "num_statements": 0, "percent_covered": 100.0, "percent_covered_display": "100", "missing_lines": 0, "excluded_lines": 0, "percent_statements_covered": 100.0, "percent_statements_covered_display": "100"}, "missing_lines": [], "excluded_lines": [], "start_line": 86}, "": {"executed_lines": [2, 3, 4, 7, 9, 10, 11, 12, 13, 15, 16, 17, 22, 24, 25, 26, 27, 28, 33, 35, 36, 37, 38, 39, 42, 44, 45, 46, 49, 51, 52, 53, 54, 55, 56, 57, 58, 61, 63, 64, 65, 66, 68, 69, 70, 75, 77, 78, 79, 80, 81, 82, 83, 86, 88, 89, 90, 93, 94, 95, 98, 99, 100, 103, 104, 107, 108, 109], "summary": {"covered_lines": 68, "num_statements": 68, "percent_covered": 100.0, "percent_covered_display": "100", "missing_lines": 0, "excluded_lines": 0, "percent_statements_covered": 100.0, "percent_statements_covered_display": "100"}, "missing_lines": [], "excluded_lines": [], "start_line": 1}}}, "reporting/orchestrator.py": {"executed_lines": [2, 3, 4, 6, 10, 11, 13, 16, 24, 25, 26, 27, 29, 35, 38, 39, 42, 43, 46, 47, 53, 54, 56, 60, 63, 64, 66, 67, 89, 92, 98, 100, 109, 115, 120, 148, 157, 158, 160, 161, 163, 169, 171, 175, 176, 177, 179], "summary": {"covered_lines": 47, "num_statements": 48, "percent_covered": 97.91666666666667, "percent_covered_display": "98", "missing_lines": 1, "excluded_lines": 0, "percent_statements_covered": 97.91666666666667, "percent_statements_covered_display": "98"}, "missing_lines": [172], "excluded_lines": [], "functions": {"ReportOrchestrator.__init__": {"executed_lines": [25, 26, 27], "summary": {"covered_lines": 3, "num_statements": 3, "percent_covered": 100.0, "percent_covered_display": "100", "missing_lines": 0, "excluded_lines": 0, "percent_statements_covered": 100.0, "percent_statements_covered_display": "100"}, "missing_lines": [], "excluded_lines": [], "start_line": 24}, "ReportOrchestrator.generate_report": {"executed_lines": [35, 38, 39, 42, 43, 46, 47, 53, 54], "summary": {"covered_lines": 9, "num_statements": 9, "percent_covered": 100.0, "percent_covered_display": "100", "missing_lines": 0, "excluded_lines": 0, "percent_statements_covered": 100.0, "percent_statements_covered_display": "100"}, "missing_lines": [], "excluded_lines": [], "start_line": 29}, "ReportOrchestrator._run_debate": {"executed_lines": [60, 63, 64, 66, 67, 89, 92, 98], "summary": {"covered_lines": 8, "num_statements": 8, "percent_covered": 100.0, "percent_covered_display": "100", "missing_lines": 0, "excluded_lines": 0, "percent_statements_covered": 100.0, "percent_statements_covered_display": "100"}, "missing_lines": [], "excluded_lines": [], "start_line": 56}, "ReportOrchestrator._build_comprehensive_report": {"executed_lines": [109, 115, 120], "summary": {"covered_lines": 3, "num_statements": 3, "percent_covered": 100.0, "percent_covered_display": "100", "missing_lines": 0, "excluded_lines": 0, "percent_statements_covered": 100.0, "percent_statements_covered_display": "100"}, "missing_lines": [], "excluded_lines": [], "start_line": 100}, "ReportOrchestrator._calculate_overall_confidence": {"executed_lines": [157, 158, 160, 161], "summary": {"covered_lines": 4, "num_statements": 4, "percent_covered": 100.0, "percent_covered_display": "100", "missing_lines": 0, "excluded_lines": 0, "percent_statements_covered": 100.0, "percent_statements_covered_display": "100"}, "missing_lines": [], "excluded_lines": [], "start_line": 148}, "ReportOrchestrator._calculate_confidence_interval": {"executed_lines": [169, 171, 175, 176, 177, 179], "summary": {"covered_lines": 6, "num_statements": 7, "percent_covered": 85.71428571428571, "percent_covered_display": "86", "missing_lines": 1, "excluded_lines": 0, "percent_statements_covered": 85.71428571428571, "percent_statements_covered_display": "86"}, "missing_lines": [172], "excluded_lines": [], "start_line": 163}, "": {"executed_lines": [2, 3, 4, 6, 10, 11, 13, 16, 24, 29, 56, 100, 148, 163], "summary": {"covered_lines": 14, "num_statements": 14, "percent_covered": 100.0, "percent_covered_display": "100", "missing_lines": 0, "excluded_lines": 0, "percent_statements_covered": 100.0, "percent_statements_covered_display": "100"}, "missing_lines": [], "excluded_lines": [], "start_line": 1}}, "classes": {"ReportOrchestrator": {"executed_lines": [25, 26, 27, 35, 38, 39, 42, 43, 46, 47, 53, 54, 60, 63, 64, 66, 67, 89, 92, 98, 109, 115, 120, 157, 158, 160, 161, 169, 171, 175, 176, 177, 179], "summary": {"covered_lines": 33, "num_statements": 34, "percent_covered": 97.05882352941177, "percent_covered_display": "97", "missing_lines": 1, "excluded_lines": 0, "percent_statements_covered": 97.05882352941177, "percent_statements_covered_display": "97"}, "missing_lines": [172], "excluded_lines": [], "start_line": 16}, "": {"executed_lines": [2, 3, 4, 6, 10, 11, 13, 16, 24, 29, 56, 100, 148, 163], "summary": {"covered_lines": 14, "num_statements": 14, "percent_covered": 100.0, "percent_covered_display": "100", "missing_lines": 0, "excluded_lines": 0, "percent_statements_covered": 100.0, "percent_statements_covered_display": "100"}, "missing_lines": [], "excluded_lines": [], "start_line": 1}}}, "reporting/prompt_templates.py": {"executed_lines": [2, 3, 6, 9, 12, 18, 20, 22, 23, 24, 25, 26, 27, 29, 48, 50, 51, 52, 54, 69, 71, 73, 85, 87, 88, 90, 92, 95, 96, 98, 99, 100, 101, 104], "summary": {"covered_lines": 34, "num_statements": 35, "percent_covered": 97.14285714285714, "percent_covered_display": "97", "missing_lines": 1, "excluded_lines": 0, "percent_statements_covered": 97.14285714285714, "percent_statements_covered_display": "97"}, "missing_lines": [93], "excluded_lines": [], "functions": {"PromptTemplates.get_prompt": {"executed_lines": [12, 18], "summary": {"covered_lines": 2, "num_statements": 2, "percent_covered": 100.0, "percent_covered_display": "100", "missing_lines": 0, "excluded_lines": 0, "percent_statements_covered": 100.0, "percent_statements_covered_display": "100"}, "missing_lines": [], "excluded_lines": [], "start_line": 9}, "PromptTemplates._executive_summary_prompt": {"executed_lines": [22, 23, 24, 25, 26, 27, 29], "summary": {"covered_lines": 7, "num_statements": 7, "percent_covered": 100.0, "percent_covered_display": "100", "missing_lines": 0, "excluded_lines": 0, "percent_statements_covered": 100.0, "percent_statements_covered_display": "100"}, "missing_lines": [], "excluded_lines": [], "start_line": 20}, "PromptTemplates._key_findings_prompt": {"executed_lines": [50, 51, 52, 54], "summary": {"covered_lines": 4, "num_statements": 4, "percent_covered": 100.0, "percent_covered_display": "100", "missing_lines": 0, "excluded_lines": 0, "percent_statements_covered": 100.0, "percent_statements_covered_display": "100"}, "missing_lines": [], "excluded_lines": [], "start_line": 48}, "PromptTemplates._recommendations_prompt": {"executed_lines": [71, 73], "summary": {"covered_lines": 2, "num_statements": 2, "percent_covered": 100.0, "percent_covered_display": "100", "missing_lines": 0, "excluded_lines": 0, "percent_statements_covered": 100.0, "percent_statements_covered_display": "100"}, "missing_lines": [], "excluded_lines": [], "start_line": 69}, "PromptTemplates._default_prompt": {"executed_lines": [87, 88], "summary": {"covered_lines": 2, "num_statements": 2, "percent_covered": 100.0, "percent_covered_display": "100", "missing_lines": 0, "excluded_lines": 0, "percent_statements_covered": 100.0, "percent_statements_covered_display": "100"}, "missing_lines": [], "excluded_lines": [], "start_line": 85}, "PromptTemplates._format_actions": {"executed_lines": [92, 95, 96, 98, 99, 100, 101, 104], "summary": {"covered_lines": 8, "num_statements": 9, "percent_covered": 88.88888888888889, "percent_covered_display": "89", "missing_lines": 1, "excluded_lines": 0, "percent_statements_covered": 88.88888888888889, "percent_statements_covered_display": "89"}, "missing_lines": [93], "excluded_lines": [], "start_line": 90}, "": {"executed_lines": [2, 3, 6, 9, 20, 48, 69, 85, 90], "summary": {"covered_lines": 9, "num_statements": 9, "percent_covered": 100.0, "percent_covered_display": "100", "missing_lines": 0, "excluded_lines": 0, "percent_statements_covered": 100.0, "percent_statements_covered_display": "100"}, "missing_lines": [], "excluded_lines": [], "start_line": 1}}, "classes": {"PromptTemplates": {"executed_lines": [12, 18, 22, 23, 24, 25, 26, 27, 29, 50, 51, 52, 54, 71, 73, 87, 88, 92, 95, 96, 98, 99, 100, 101, 104], "summary": {"covered_lines": 25, "num_statements": 26, "percent_covered": 96.15384615384616, "percent_covered_display": "96", "missing_lines": 1, "excluded_lines": 0, "percent_statements_covered": 96.15384615384616, "percent_statements_covered_display": "96"}, "missing_lines": [93], "excluded_lines": [], "start_line": 6}, "": {"executed_lines": [2, 3, 6, 9, 20, 48, 69, 85, 90], "summary": {"covered_lines": 9, "num_statements": 9, "percent_covered": 100.0, "percent_covered_display": "100", "missing_lines": 0, "excluded_lines": 0, "percent_statements_covered": 100.0, "percent_statements_covered_display": "100"}, "missing_lines": [], "excluded_lines": [], "start_line": 1}}}, "reporting/react_agent.py": {"executed_lines": [2, 3, 4, 5, 7, 11, 12, 14, 17, 28, 29, 30, 31, 33, 38, 41, 44, 45, 48, 50, 51, 52, 55, 60, 61, 64, 66, 74, 81, 82, 83, 86, 88, 95, 97, 100, 103, 106, 107, 108, 109, 111, 127, 135, 137, 147, 148, 149, 150, 155, 157, 159, 161, 166, 168, 171, 172, 173, 174, 189, 192, 193, 194, 201, 202, 203, 205, 211, 214, 215, 218, 220, 222, 230, 236, 237, 239], "summary": {"covered_lines": 77, "num_statements": 91, "percent_covered": 84.61538461538461, "percent_covered_display": "85", "missing_lines": 14, "excluded_lines": 0, "percent_statements_covered": 84.61538461538461, "percent_statements_covered_display": "85"}, "missing_lines": [117, 118, 120, 175, 176, 179, 182, 183, 184, 185, 187, 195, 196, 197], "excluded_lines": [], "functions": {"ReACTReportAgent.__init__": {"executed_lines": [29, 30, 31], "summary": {"covered_lines": 3, "num_statements": 3, "percent_covered": 100.0, "percent_covered_display": "100", "missing_lines": 0, "excluded_lines": 0, "percent_statements_covered": 100.0, "percent_statements_covered_display": "100"}, "missing_lines": [], "excluded_lines": [], "start_line": 28}, "ReACTReportAgent.generate_report": {"executed_lines": [38, 41, 44, 45, 48, 50, 51, 52, 55, 60, 61, 64], "summary": {"covered_lines": 12, "num_statements": 12, "percent_covered": 100.0, "percent_covered_display": "100", "missing_lines": 0, "excluded_lines": 0, "percent_statements_covered": 100.0, "percent_statements_covered_display": "100"}, "missing_lines": [], "excluded_lines": [], "start_line": 33}, "ReACTReportAgent._think_next_section": {"executed_lines": [74, 81, 82, 83, 86], "summary": {"covered_lines": 5, "num_statements": 5, "percent_covered": 100.0, "percent_covered_display": "100", "missing_lines": 0, "excluded_lines": 0, "percent_statements_covered": 100.0, "percent_statements_covered_display": "100"}, "missing_lines": [], "excluded_lines": [], "start_line": 66}, "ReACTReportAgent._act_generate_section": {"executed_lines": [95, 97, 100, 103, 106, 107, 108, 109, 111], "summary": {"covered_lines": 9, "num_statements": 12, "percent_covered": 75.0, "percent_covered_display": "75", "missing_lines": 3, "excluded_lines": 0, "percent_statements_covered": 75.0, "percent_statements_covered_display": "75"}, "missing_lines": [117, 118, 120], "excluded_lines": [], "start_line": 88}, "ReACTReportAgent._build_context": {"executed_lines": [135, 137, 147, 148, 149, 150, 155, 157], "summary": {"covered_lines": 8, "num_statements": 8, "percent_covered": 100.0, "percent_covered_display": "100", "missing_lines": 0, "excluded_lines": 0, "percent_statements_covered": 100.0, "percent_statements_covered_display": "100"}, "missing_lines": [], "excluded_lines": [], "start_line": 127}, "ReACTReportAgent._format_title": {"executed_lines": [161, 166], "summary": {"covered_lines": 2, "num_statements": 2, "percent_covered": 100.0, "percent_covered_display": "100", "missing_lines": 0, "excluded_lines": 0, "percent_statements_covered": 100.0, "percent_statements_covered_display": "100"}, "missing_lines": [], "excluded_lines": [], "start_line": 159}, "ReACTReportAgent._extract_content": {"executed_lines": [171, 172, 173, 174], "summary": {"covered_lines": 4, "num_statements": 12, "percent_covered": 33.333333333333336, "percent_covered_display": "33", "missing_lines": 8, "excluded_lines": 0, "percent_statements_covered": 33.333333333333336, "percent_statements_covered_display": "33"}, "missing_lines": [175, 176, 179, 182, 183, 184, 185, 187], "excluded_lines": [], "start_line": 168}, "ReACTReportAgent._extract_confidence": {"executed_lines": [192, 193, 194, 201, 202, 203], "summary": {"covered_lines": 6, "num_statements": 9, "percent_covered": 66.66666666666667, "percent_covered_display": "67", "missing_lines": 3, "excluded_lines": 0, "percent_statements_covered": 66.66666666666667, "percent_statements_covered_display": "67"}, "missing_lines": [195, 196, 197], "excluded_lines": [], "start_line": 189}, "ReACTReportAgent._extract_sources": {"executed_lines": [211, 214, 215, 218, 220], "summary": {"covered_lines": 5, "num_statements": 5, "percent_covered": 100.0, "percent_covered_display": "100", "missing_lines": 0, "excluded_lines": 0, "percent_statements_covered": 100.0, "percent_statements_covered_display": "100"}, "missing_lines": [], "excluded_lines": [], "start_line": 205}, "ReACTReportAgent._build_report": {"executed_lines": [230, 236, 237, 239], "summary": {"covered_lines": 4, "num_statements": 4, "percent_covered": 100.0, "percent_covered_display": "100", "missing_lines": 0, "excluded_lines": 0, "percent_statements_covered": 100.0, "percent_statements_covered_display": "100"}, "missing_lines": [], "excluded_lines": [], "start_line": 222}, "": {"executed_lines": [2, 3, 4, 5, 7, 11, 12, 14, 17, 28, 33, 66, 88, 127, 159, 168, 189, 205, 222], "summary": {"covered_lines": 19, "num_statements": 19, "percent_covered": 100.0, "percent_covered_display": "100", "missing_lines": 0, "excluded_lines": 0, "percent_statements_covered": 100.0, "percent_statements_covered_display": "100"}, "missing_lines": [], "excluded_lines": [], "start_line": 1}}, "classes": {"ReACTReportAgent": {"executed_lines": [29, 30, 31, 38, 41, 44, 45, 48, 50, 51, 52, 55, 60, 61, 64, 74, 81, 82, 83, 86, 95, 97, 100, 103, 106, 107, 108, 109, 111, 135, 137, 147, 148, 149, 150, 155, 157, 161, 166, 171, 172, 173, 174, 192, 193, 194, 201, 202, 203, 211, 214, 215, 218, 220, 230, 236, 237, 239], "summary": {"covered_lines": 58, "num_statements": 72, "percent_covered": 80.55555555555556, "percent_covered_display": "81", "missing_lines": 14, "excluded_lines": 0, "percent_statements_covered": 80.55555555555556, "percent_statements_covered_display": "81"}, "missing_lines": [117, 118, 120, 175, 176, 179, 182, 183, 184, 185, 187, 195, 196, 197], "excluded_lines": [], "start_line": 17}, "": {"executed_lines": [2, 3, 4, 5, 7, 11, 12, 14, 17, 28, 33, 66, 88, 127, 159, 168, 189, 205, 222], "summary": {"covered_lines": 19, "num_statements": 19, "percent_covered": 100.0, "percent_covered_display": "100", "missing_lines": 0, "excluded_lines": 0, "percent_statements_covered": 100.0, "percent_statements_covered_display": "100"}, "missing_lines": [], "excluded_lines": [], "start_line": 1}}}}, "totals": {"covered_lines": 310, "num_statements": 359, "percent_covered": 86.35097493036211, "percent_covered_display": "86", "missing_lines": 49, "excluded_lines": 0, "percent_statements_covered": 86.35097493036211, "percent_statements_covered_display": "86"}}